╰ python baseline.py
/home/alexanderliao/.local/lib/python3.6/site-packages/h5py/__init__.py:36: FutureWarning: Conversion of the second argument of issubdtype from `float` to `np.floating` is deprecated. In future, it will be treated as `np.float64 == np.dtype(float).type`.
  from ._conv import register_converters as _register_converters
  Using TensorFlow backend.
   
   Reading training data...
   /home/alexanderliao/anaconda3/envs/py36/lib/python3.6/site-packages/sklearn/preprocessing/data.py:181: UserWarning: Numerical issues were encountered when scaling the data and might not be solved. The standard deviation of the data is probably very close to 0. 
     warnings.warn("Numerical issues were encountered "
      
      Sanity Check:
       
       [[ 1.32436287 -0.55830454  0.89889958 ...  0.94850281 -0.27530625
         -0.85373085]
          [-1.61130227  1.08297098  0.19145738 ... -1.3047659   1.49016792
             0.34295287]
              [ 1.41261431 -0.28468935  0.59243143 ...  1.59304687  1.71837646
                 0.5057089 ]
                  ...
                   [ 1.50771821 -0.49547695 -0.32198078 ... -0.38552146  1.33290247
                      1.29679687]
                       [ 0.6671492  -0.58171769 -0.33251995 ... -0.74379754 -0.68690847
                          0.72805953]
                           [ 1.08978708 -0.27235935 -1.6770089  ...  0.25295761  1.29310379
                             -0.06231242]]
                              
                              [0. 0. 1. ... 0. 0. 0.]
                              Training data loaded.
                               
                               Reading test data...
                               Done!
                                
                                Dataset Shape: (X;Y)
                                (297000, 14)
                                (297000,)
                                 
                                 Seed: 7
                                  
                                  ====================================
                                  Confidence Only: (Classification)
                                  ====================================
                                   
                                   -------------------------------------
                                   Neural Network: (Threshold 0.5)
                                    
                                     
                                     2018-08-22 21:57:45.439072: I tensorflow/core/platform/cpu_feature_guard.cc:141] Your CPU supports instructions that this TensorFlow binary was not compiled to use: SSE4.1 SSE4.2 AVX AVX2 FMA
                                     2018-08-22 21:57:45.506034: I tensorflow/stream_executor/cuda/cuda_gpu_executor.cc:897] successful NUMA node read from SysFS had negative value (-1), but there must be at least one NUMA node, so returning NUMA node zero
                                     2018-08-22 21:57:45.506717: I tensorflow/core/common_runtime/gpu/gpu_device.cc:1392] Found device 0 with properties: 
                                     name: Quadro M2000M major: 5 minor: 0 memoryClockRate(GHz): 1.137
                                     pciBusID: 0000:01:00.0
                                     totalMemory: 3.95GiB freeMemory: 3.20GiB
                                     2018-08-22 21:57:45.506731: I tensorflow/core/common_runtime/gpu/gpu_device.cc:1471] Adding visible gpu devices: 0
                                     2018-08-22 21:57:46.015294: I tensorflow/core/common_runtime/gpu/gpu_device.cc:952] Device interconnect StreamExecutor with strength 1 edge matrix:
                                     2018-08-22 21:57:46.015319: I tensorflow/core/common_runtime/gpu/gpu_device.cc:958]      0 
                                     2018-08-22 21:57:46.015324: I tensorflow/core/common_runtime/gpu/gpu_device.cc:971] 0:   N 
                                     2018-08-22 21:57:46.015469: I tensorflow/core/common_runtime/gpu/gpu_device.cc:1084] Created TensorFlow device (/job:localhost/replica:0/task:0/device:GPU:0 with 2919 MB memory) -> physical GPU (device: 0, name: Quadro M2000M, pci bus id: 0000:01:00.0, compute capability: 5.0)
                                      
                                       
                                       Time taken: 0.6149 seconds for evaluation on 3000 samples; on average: 0.0002
                                       Accuracy: 0.972
                                       F1 Score: 0.9724
                                       Jaccard similarity coefficient : 0.972
                                       Zero-One Loss : 0.028
                                       Precision : 0.9769
                                       Recall : 0.968
                                       Matthews Correlation Coefficient (MCC) : 0.944
                                       -------------------------------------
                                       Support Vector Machine with RBF Kernel:
                                       /home/alexanderliao/anaconda3/envs/py36/lib/python3.6/site-packages/sklearn/base.py:311: UserWarning: Trying to unpickle estimator SVC from version 0.19.2 when using version 0.19.1. This might lead to breaking code or invalid results. Use at your own risk.
                                         UserWarning)
     Time taken: 13.516 seconds for evaluation on 3000 samples; on average: 0.0045
     Accuracy: 0.9303
     F1 Score: 0.9331
     Jaccard Similarity Coefficient : 0.9303
     Zero-One Loss : 0.0697
     Precision : 0.9152
     Recall : 0.9517
     Matthews Correlation Coefficient (MCC) : 0.8612
     -------------------------------------
     Support Vector Machine with Sigmoid Kernel:
     Time taken: 12.979 seconds for evaluation on 3000 samples; on average: 0.0043
     Accuracy: 0.6427
     F1 Score: 0.6537
     Jaccard Similarity Coefficient : 0.6427
     Zero-One Loss : 0.3573
     Precision : 0.6466
     Recall : 0.661
     Matthews Correlation Coefficient (MCC) : 0.2848
     -------------------------------------
     Support Vector Machine with Linear Kernel and L2 Penalization:
     /home/alexanderliao/anaconda3/envs/py36/lib/python3.6/site-packages/sklearn/base.py:311: UserWarning: Trying to unpickle estimator LinearSVC from version 0.19.2 when using version 0.19.1. This might lead to breaking code or invalid results. Use at your own risk.
       UserWarning)
       Time taken: 0.0015 seconds for evaluation on 3000 samples; on average: 0.0
       Accuracy: 0.751
       F1 Score: 0.7585
       Jaccard Similarity Coefficient : 0.751
       Zero-One Loss : 0.249
       Precision : 0.751
       Recall : 0.7662
       Matthews Correlation Coefficient (MCC) : 0.5017
       -------------------------------------
       Vanilla Logistic Regression
       [Parallel(n_jobs=4)]: Done   1 out of   1 | elapsed:    0.6s finished
       Time taken: 0.0042 seconds for evaluation on 3000 samples; on average: 0.0
       Accuracy: 0.752
       F1 Score: 0.7598
       Jaccard Similarity Coefficient : 0.752
       Zero-One Loss : 0.248
       Precision : 0.7511
       Recall : 0.7688
       Matthews Correlation Coefficient (MCC) : 0.5037
       -------------------------------------
       Vanilla Bayesian Ridge Regression (Threshold 0.5)
       Convergence after  1  iterations
       Time taken: 0.0003 seconds for evaluation on 3000 samples; on average: 0.0
       Accuracy: 0.7503
       F1 Score: 0.7574
       Jaccard similarity coefficient : 0.7503
       Zero-One Loss : 0.2497
       Precision : 0.7513
       Recall : 0.7636
       Matthews Correlation Coefficient (MCC) : 0.5004
       -------------------------------------
       Gaussian Naive Bayes
       Time taken: 0.0006 seconds for evaluation on 3000 samples; on average: 0.0
       Accuracy: 0.8033
       F1 Score: 0.8117
       Jaccard Similarity Coefficient : 0.8033
       Zero-One Loss : 0.1967
       Precision : 0.7935
       Recall : 0.8308
       Matthews Correlation Coefficient (MCC) : 0.6068
       -------------------------------------
       Gaussian Process Classifier (trained on 10k samples)
       Time taken: 1.1559 seconds for evaluation on 3000 samples; on average: 0.0004
       Accuracy: 0.8647
       F1 Score: 0.8693
       Jaccard Similarity Coefficient : 0.8647
       Zero-One Loss : 0.1353
       Precision : 0.8571
       Recall : 0.8818
       Matthews Correlation Coefficient (MCC) : 0.7294
       -------------------------------------
       Vanilla Decision Tree
       Time taken: 0.0009 seconds for evaluation on 3000 samples; on average: 0.0
       Accuracy: 0.8787
       F1 Score: 0.8815
       Jaccard Similarity Coefficient : 0.8787
       Zero-One Loss : 0.1213
       Precision : 0.8787
       Recall : 0.8844
       Matthews Correlation Coefficient (MCC) : 0.7572
       -------------------------------------
       Vanilla Random Forest
       Time taken: 0.1031 seconds for evaluation on 3000 samples; on average: 0.0
       Accuracy: 0.902
       F1 Score: 0.9033
       Jaccard Similarity Coefficient : 0.902
       Zero-One Loss : 0.098
       Precision : 0.9099
       Recall : 0.8968
       Matthews Correlation Coefficient (MCC) : 0.8041
       -------------------------------------
       AdaBoosted Decision Free
       Time taken: 0.0247 seconds for evaluation on 3000 samples; on average: 0.0
       Accuracy: 0.849
       F1 Score: 0.8543
       Jaccard Similarity Coefficient : 0.849
       Zero-One Loss : 0.151
       Precision : 0.8416
       Recall : 0.8674
       Matthews Correlation Coefficient (MCC) : 0.698
       -------------------------------------
       XGboost
       [21:59:59] /workspace/src/tree/updater_prune.cc:74: tree pruning end, 1 roots, 2 extra nodes, 0 pruned nodes, max_depth=1
       [21:59:59] /workspace/src/tree/updater_prune.cc:74: tree pruning end, 1 roots, 2 extra nodes, 0 pruned nodes, max_depth=1
       [21:59:59] /workspace/src/tree/updater_prune.cc:74: tree pruning end, 1 roots, 2 extra nodes, 0 pruned nodes, max_depth=1
       [21:59:59] /workspace/src/tree/updater_prune.cc:74: tree pruning end, 1 roots, 2 extra nodes, 0 pruned nodes, max_depth=1
       [21:59:59] /workspace/src/tree/updater_prune.cc:74: tree pruning end, 1 roots, 2 extra nodes, 0 pruned nodes, max_depth=1
       [21:59:59] /workspace/src/tree/updater_prune.cc:74: tree pruning end, 1 roots, 2 extra nodes, 0 pruned nodes, max_depth=1
       [21:59:59] /workspace/src/tree/updater_prune.cc:74: tree pruning end, 1 roots, 2 extra nodes, 0 pruned nodes, max_depth=1
       [21:59:59] /workspace/src/tree/updater_prune.cc:74: tree pruning end, 1 roots, 2 extra nodes, 0 pruned nodes, max_depth=1
       [21:59:59] /workspace/src/tree/updater_prune.cc:74: tree pruning end, 1 roots, 2 extra nodes, 0 pruned nodes, max_depth=1
       [21:59:59] /workspace/src/tree/updater_prune.cc:74: tree pruning end, 1 roots, 2 extra nodes, 0 pruned nodes, max_depth=1
       [21:59:59] /workspace/src/tree/updater_prune.cc:74: tree pruning end, 1 roots, 2 extra nodes, 0 pruned nodes, max_depth=1
       [21:59:59] /workspace/src/tree/updater_prune.cc:74: tree pruning end, 1 roots, 2 extra nodes, 0 pruned nodes, max_depth=1
       [21:59:59] /workspace/src/tree/updater_prune.cc:74: tree pruning end, 1 roots, 2 extra nodes, 0 pruned nodes, max_depth=1
       [21:59:59] /workspace/src/tree/updater_prune.cc:74: tree pruning end, 1 roots, 2 extra nodes, 0 pruned nodes, max_depth=1
       [21:59:59] /workspace/src/tree/updater_prune.cc:74: tree pruning end, 1 roots, 2 extra nodes, 0 pruned nodes, max_depth=1
       [21:59:59] /workspace/src/tree/updater_prune.cc:74: tree pruning end, 1 roots, 2 extra nodes, 0 pruned nodes, max_depth=1
       [21:59:59] /workspace/src/tree/updater_prune.cc:74: tree pruning end, 1 roots, 2 extra nodes, 0 pruned nodes, max_depth=1
       [21:59:59] /workspace/src/tree/updater_prune.cc:74: tree pruning end, 1 roots, 2 extra nodes, 0 pruned nodes, max_depth=1
       [21:59:59] /workspace/src/tree/updater_prune.cc:74: tree pruning end, 1 roots, 2 extra nodes, 0 pruned nodes, max_depth=1
       [21:59:59] /workspace/src/tree/updater_prune.cc:74: tree pruning end, 1 roots, 2 extra nodes, 0 pruned nodes, max_depth=1
       [21:59:59] /workspace/src/tree/updater_prune.cc:74: tree pruning end, 1 roots, 2 extra nodes, 0 pruned nodes, max_depth=1
       [21:59:59] /workspace/src/tree/updater_prune.cc:74: tree pruning end, 1 roots, 2 extra nodes, 0 pruned nodes, max_depth=1
       [21:59:59] /workspace/src/tree/updater_prune.cc:74: tree pruning end, 1 roots, 2 extra nodes, 0 pruned nodes, max_depth=1
       [21:59:59] /workspace/src/tree/updater_prune.cc:74: tree pruning end, 1 roots, 2 extra nodes, 0 pruned nodes, max_depth=1
       [21:59:59] /workspace/src/tree/updater_prune.cc:74: tree pruning end, 1 roots, 2 extra nodes, 0 pruned nodes, max_depth=1
       [21:59:59] /workspace/src/tree/updater_prune.cc:74: tree pruning end, 1 roots, 2 extra nodes, 0 pruned nodes, max_depth=1
       [21:59:59] /workspace/src/tree/updater_prune.cc:74: tree pruning end, 1 roots, 2 extra nodes, 0 pruned nodes, max_depth=1
       [21:59:59] /workspace/src/tree/updater_prune.cc:74: tree pruning end, 1 roots, 2 extra nodes, 0 pruned nodes, max_depth=1
       [21:59:59] /workspace/src/tree/updater_prune.cc:74: tree pruning end, 1 roots, 2 extra nodes, 0 pruned nodes, max_depth=1
       [21:59:59] /workspace/src/tree/updater_prune.cc:74: tree pruning end, 1 roots, 2 extra nodes, 0 pruned nodes, max_depth=1
       [21:59:59] /workspace/src/tree/updater_prune.cc:74: tree pruning end, 1 roots, 2 extra nodes, 0 pruned nodes, max_depth=1
       [21:59:59] /workspace/src/tree/updater_prune.cc:74: tree pruning end, 1 roots, 2 extra nodes, 0 pruned nodes, max_depth=1
       [21:59:59] /workspace/src/tree/updater_prune.cc:74: tree pruning end, 1 roots, 2 extra nodes, 0 pruned nodes, max_depth=1
       [21:59:59] /workspace/src/tree/updater_prune.cc:74: tree pruning end, 1 roots, 2 extra nodes, 0 pruned nodes, max_depth=1
       [22:00:00] /workspace/src/tree/updater_prune.cc:74: tree pruning end, 1 roots, 2 extra nodes, 0 pruned nodes, max_depth=1
       [22:00:00] /workspace/src/tree/updater_prune.cc:74: tree pruning end, 1 roots, 2 extra nodes, 0 pruned nodes, max_depth=1
       [22:00:00] /workspace/src/tree/updater_prune.cc:74: tree pruning end, 1 roots, 2 extra nodes, 0 pruned nodes, max_depth=1
       [22:00:00] /workspace/src/tree/updater_prune.cc:74: tree pruning end, 1 roots, 2 extra nodes, 0 pruned nodes, max_depth=1
       [22:00:00] /workspace/src/tree/updater_prune.cc:74: tree pruning end, 1 roots, 2 extra nodes, 0 pruned nodes, max_depth=1
       [22:00:00] /workspace/src/tree/updater_prune.cc:74: tree pruning end, 1 roots, 2 extra nodes, 0 pruned nodes, max_depth=1
       [22:00:00] /workspace/src/tree/updater_prune.cc:74: tree pruning end, 1 roots, 2 extra nodes, 0 pruned nodes, max_depth=1
       [22:00:00] /workspace/src/tree/updater_prune.cc:74: tree pruning end, 1 roots, 2 extra nodes, 0 pruned nodes, max_depth=1
       [22:00:00] /workspace/src/tree/updater_prune.cc:74: tree pruning end, 1 roots, 2 extra nodes, 0 pruned nodes, max_depth=1
       [22:00:00] /workspace/src/tree/updater_prune.cc:74: tree pruning end, 1 roots, 2 extra nodes, 0 pruned nodes, max_depth=1
       [22:00:00] /workspace/src/tree/updater_prune.cc:74: tree pruning end, 1 roots, 2 extra nodes, 0 pruned nodes, max_depth=1
       [22:00:00] /workspace/src/tree/updater_prune.cc:74: tree pruning end, 1 roots, 2 extra nodes, 0 pruned nodes, max_depth=1
       [22:00:00] /workspace/src/tree/updater_prune.cc:74: tree pruning end, 1 roots, 2 extra nodes, 0 pruned nodes, max_depth=1
       [22:00:00] /workspace/src/tree/updater_prune.cc:74: tree pruning end, 1 roots, 2 extra nodes, 0 pruned nodes, max_depth=1
       [22:00:00] /workspace/src/tree/updater_prune.cc:74: tree pruning end, 1 roots, 2 extra nodes, 0 pruned nodes, max_depth=1
       [22:00:00] /workspace/src/tree/updater_prune.cc:74: tree pruning end, 1 roots, 2 extra nodes, 0 pruned nodes, max_depth=1
       [22:00:00] /workspace/src/tree/updater_prune.cc:74: tree pruning end, 1 roots, 2 extra nodes, 0 pruned nodes, max_depth=1
       [22:00:00] /workspace/src/tree/updater_prune.cc:74: tree pruning end, 1 roots, 2 extra nodes, 0 pruned nodes, max_depth=1
       [22:00:00] /workspace/src/tree/updater_prune.cc:74: tree pruning end, 1 roots, 2 extra nodes, 0 pruned nodes, max_depth=1
       [22:00:00] /workspace/src/tree/updater_prune.cc:74: tree pruning end, 1 roots, 2 extra nodes, 0 pruned nodes, max_depth=1
       [22:00:00] /workspace/src/tree/updater_prune.cc:74: tree pruning end, 1 roots, 2 extra nodes, 0 pruned nodes, max_depth=1
       [22:00:00] /workspace/src/tree/updater_prune.cc:74: tree pruning end, 1 roots, 2 extra nodes, 0 pruned nodes, max_depth=1
       [22:00:00] /workspace/src/tree/updater_prune.cc:74: tree pruning end, 1 roots, 2 extra nodes, 0 pruned nodes, max_depth=1
       [22:00:00] /workspace/src/tree/updater_prune.cc:74: tree pruning end, 1 roots, 2 extra nodes, 0 pruned nodes, max_depth=1
       [22:00:00] /workspace/src/tree/updater_prune.cc:74: tree pruning end, 1 roots, 2 extra nodes, 0 pruned nodes, max_depth=1
       [22:00:00] /workspace/src/tree/updater_prune.cc:74: tree pruning end, 1 roots, 2 extra nodes, 0 pruned nodes, max_depth=1
       [22:00:00] /workspace/src/tree/updater_prune.cc:74: tree pruning end, 1 roots, 2 extra nodes, 0 pruned nodes, max_depth=1
       [22:00:00] /workspace/src/tree/updater_prune.cc:74: tree pruning end, 1 roots, 2 extra nodes, 0 pruned nodes, max_depth=1
       [22:00:00] /workspace/src/tree/updater_prune.cc:74: tree pruning end, 1 roots, 2 extra nodes, 0 pruned nodes, max_depth=1
       [22:00:00] /workspace/src/tree/updater_prune.cc:74: tree pruning end, 1 roots, 2 extra nodes, 0 pruned nodes, max_depth=1
       [22:00:00] /workspace/src/tree/updater_prune.cc:74: tree pruning end, 1 roots, 2 extra nodes, 0 pruned nodes, max_depth=1
       [22:00:00] /workspace/src/tree/updater_prune.cc:74: tree pruning end, 1 roots, 2 extra nodes, 0 pruned nodes, max_depth=1
       [22:00:00] /workspace/src/tree/updater_prune.cc:74: tree pruning end, 1 roots, 2 extra nodes, 0 pruned nodes, max_depth=1
       [22:00:01] /workspace/src/tree/updater_prune.cc:74: tree pruning end, 1 roots, 2 extra nodes, 0 pruned nodes, max_depth=1
       [22:00:01] /workspace/src/tree/updater_prune.cc:74: tree pruning end, 1 roots, 2 extra nodes, 0 pruned nodes, max_depth=1
       [22:00:01] /workspace/src/tree/updater_prune.cc:74: tree pruning end, 1 roots, 2 extra nodes, 0 pruned nodes, max_depth=1
       [22:00:01] /workspace/src/tree/updater_prune.cc:74: tree pruning end, 1 roots, 2 extra nodes, 0 pruned nodes, max_depth=1
       [22:00:01] /workspace/src/tree/updater_prune.cc:74: tree pruning end, 1 roots, 2 extra nodes, 0 pruned nodes, max_depth=1
       [22:00:01] /workspace/src/tree/updater_prune.cc:74: tree pruning end, 1 roots, 2 extra nodes, 0 pruned nodes, max_depth=1
       [22:00:01] /workspace/src/tree/updater_prune.cc:74: tree pruning end, 1 roots, 2 extra nodes, 0 pruned nodes, max_depth=1
       [22:00:01] /workspace/src/tree/updater_prune.cc:74: tree pruning end, 1 roots, 2 extra nodes, 0 pruned nodes, max_depth=1
       [22:00:01] /workspace/src/tree/updater_prune.cc:74: tree pruning end, 1 roots, 2 extra nodes, 0 pruned nodes, max_depth=1
       [22:00:01] /workspace/src/tree/updater_prune.cc:74: tree pruning end, 1 roots, 2 extra nodes, 0 pruned nodes, max_depth=1
       [22:00:01] /workspace/src/tree/updater_prune.cc:74: tree pruning end, 1 roots, 2 extra nodes, 0 pruned nodes, max_depth=1
       [22:00:01] /workspace/src/tree/updater_prune.cc:74: tree pruning end, 1 roots, 2 extra nodes, 0 pruned nodes, max_depth=1
       [22:00:01] /workspace/src/tree/updater_prune.cc:74: tree pruning end, 1 roots, 2 extra nodes, 0 pruned nodes, max_depth=1
       [22:00:01] /workspace/src/tree/updater_prune.cc:74: tree pruning end, 1 roots, 2 extra nodes, 0 pruned nodes, max_depth=1
       [22:00:01] /workspace/src/tree/updater_prune.cc:74: tree pruning end, 1 roots, 2 extra nodes, 0 pruned nodes, max_depth=1
       [22:00:01] /workspace/src/tree/updater_prune.cc:74: tree pruning end, 1 roots, 2 extra nodes, 0 pruned nodes, max_depth=1
       [22:00:01] /workspace/src/tree/updater_prune.cc:74: tree pruning end, 1 roots, 2 extra nodes, 0 pruned nodes, max_depth=1
       [22:00:01] /workspace/src/tree/updater_prune.cc:74: tree pruning end, 1 roots, 2 extra nodes, 0 pruned nodes, max_depth=1
       [22:00:01] /workspace/src/tree/updater_prune.cc:74: tree pruning end, 1 roots, 2 extra nodes, 0 pruned nodes, max_depth=1
       [22:00:01] /workspace/src/tree/updater_prune.cc:74: tree pruning end, 1 roots, 2 extra nodes, 0 pruned nodes, max_depth=1
       [22:00:01] /workspace/src/tree/updater_prune.cc:74: tree pruning end, 1 roots, 2 extra nodes, 0 pruned nodes, max_depth=1
       [22:00:01] /workspace/src/tree/updater_prune.cc:74: tree pruning end, 1 roots, 2 extra nodes, 0 pruned nodes, max_depth=1
       [22:00:01] /workspace/src/tree/updater_prune.cc:74: tree pruning end, 1 roots, 2 extra nodes, 0 pruned nodes, max_depth=1
       [22:00:01] /workspace/src/tree/updater_prune.cc:74: tree pruning end, 1 roots, 2 extra nodes, 0 pruned nodes, max_depth=1
       [22:00:01] /workspace/src/tree/updater_prune.cc:74: tree pruning end, 1 roots, 2 extra nodes, 0 pruned nodes, max_depth=1
       [22:00:01] /workspace/src/tree/updater_prune.cc:74: tree pruning end, 1 roots, 2 extra nodes, 0 pruned nodes, max_depth=1
       [22:00:01] /workspace/src/tree/updater_prune.cc:74: tree pruning end, 1 roots, 2 extra nodes, 0 pruned nodes, max_depth=1
       [22:00:01] /workspace/src/tree/updater_prune.cc:74: tree pruning end, 1 roots, 2 extra nodes, 0 pruned nodes, max_depth=1
       [22:00:01] /workspace/src/tree/updater_prune.cc:74: tree pruning end, 1 roots, 2 extra nodes, 0 pruned nodes, max_depth=1
       [22:00:01] /workspace/src/tree/updater_prune.cc:74: tree pruning end, 1 roots, 2 extra nodes, 0 pruned nodes, max_depth=1
       [22:00:01] /workspace/src/tree/updater_prune.cc:74: tree pruning end, 1 roots, 2 extra nodes, 0 pruned nodes, max_depth=1
       [22:00:01] /workspace/src/tree/updater_prune.cc:74: tree pruning end, 1 roots, 2 extra nodes, 0 pruned nodes, max_depth=1
       [22:00:01] /workspace/src/tree/updater_prune.cc:74: tree pruning end, 1 roots, 2 extra nodes, 0 pruned nodes, max_depth=1
       /home/alexanderliao/anaconda3/envs/py36/lib/python3.6/site-packages/sklearn/preprocessing/label.py:151: DeprecationWarning: The truth value of an empty array is ambiguous. Returning False, but in future this will result in an error. Use `array.size > 0` to check that an array is not empty.
         if diff:
             Time taken: 0.0032 seconds for evaluation on 3000 samples; on average: 0.0
             Accuracy: 0.8203
             F1 Score: 0.8326
             Jaccard similarity coefficient : 0.8203
             Zero-One Loss : 0.1797
             Precision : 0.7938
             Recall : 0.8752
             Matthews Correlation Coefficient (MCC) : 0.6433
             -------------------------------------
             LightGBM (Threshold 0.5)
             [LightGBM] [Info] Number of positive: 122983, number of negative: 114617
             [LightGBM] [Info] Total Bins 2560
             [LightGBM] [Info] Number of data: 237600, number of used features: 10
             Training until validation scores don't improve for 100 rounds.
             [50]   valid_0's binary_logloss: 0.468013
             [100]  valid_0's binary_logloss: 0.372873
             [150]  valid_0's binary_logloss: 0.321982
             [200]  valid_0's binary_logloss: 0.285022
             [250]  valid_0's binary_logloss: 0.261937
             [300]  valid_0's binary_logloss: 0.242744
             [350]  valid_0's binary_logloss: 0.229423
             [400]  valid_0's binary_logloss: 0.218033
             [450]  valid_0's binary_logloss: 0.207608
             [500]  valid_0's binary_logloss: 0.198663
             [550]  valid_0's binary_logloss: 0.191386
             [600]  valid_0's binary_logloss: 0.184738
             [650]  valid_0's binary_logloss: 0.179089
             [700]  valid_0's binary_logloss: 0.173673
             [750]  valid_0's binary_logloss: 0.169317
             [800]  valid_0's binary_logloss: 0.165188
             [850]  valid_0's binary_logloss: 0.161584
             [900]  valid_0's binary_logloss: 0.158228
             [950]  valid_0's binary_logloss: 0.155658
             [1000] valid_0's binary_logloss: 0.152808
             [1050] valid_0's binary_logloss: 0.150199
             [1100] valid_0's binary_logloss: 0.148059
             [1150] valid_0's binary_logloss: 0.145529
             [1200] valid_0's binary_logloss: 0.143557
             [1250] valid_0's binary_logloss: 0.14198
             [1300] valid_0's binary_logloss: 0.140367
             [1350] valid_0's binary_logloss: 0.138705
             [1400] valid_0's binary_logloss: 0.136837
             [1450] valid_0's binary_logloss: 0.135269
             [1500] valid_0's binary_logloss: 0.133875
             [1550] valid_0's binary_logloss: 0.13265
             [1600] valid_0's binary_logloss: 0.131643
             [1650] valid_0's binary_logloss: 0.130583
             [1700] valid_0's binary_logloss: 0.129533
             [1750] valid_0's binary_logloss: 0.128488
             [1800] valid_0's binary_logloss: 0.127375
             [1850] valid_0's binary_logloss: 0.126408
             [1900] valid_0's binary_logloss: 0.125538
             [1950] valid_0's binary_logloss: 0.124752
             [2000] valid_0's binary_logloss: 0.124073
             [2050] valid_0's binary_logloss: 0.123219
             [2100] valid_0's binary_logloss: 0.122469
             [2150] valid_0's binary_logloss: 0.121723
             [2200] valid_0's binary_logloss: 0.121011
             [2250] valid_0's binary_logloss: 0.120221
             [2300] valid_0's binary_logloss: 0.119557
             [2350] valid_0's binary_logloss: 0.11911
             [2400] valid_0's binary_logloss: 0.118536
             [2450] valid_0's binary_logloss: 0.117857
             [2500] valid_0's binary_logloss: 0.117237
             [2550] valid_0's binary_logloss: 0.116717
             [2600] valid_0's binary_logloss: 0.116108
             [2650] valid_0's binary_logloss: 0.115594
             [2700] valid_0's binary_logloss: 0.115052
             [2750] valid_0's binary_logloss: 0.114644
             [2800] valid_0's binary_logloss: 0.114164
             [2850] valid_0's binary_logloss: 0.113685
             [2900] valid_0's binary_logloss: 0.113166
             [2950] valid_0's binary_logloss: 0.112814
             [3000] valid_0's binary_logloss: 0.112442
             [3050] valid_0's binary_logloss: 0.112017
             [3100] valid_0's binary_logloss: 0.111604
             [3150] valid_0's binary_logloss: 0.111161
             [3200] valid_0's binary_logloss: 0.110763
             [3250] valid_0's binary_logloss: 0.110422
             [3300] valid_0's binary_logloss: 0.109928
             [3350] valid_0's binary_logloss: 0.109589
             [3400] valid_0's binary_logloss: 0.109345
             [3450] valid_0's binary_logloss: 0.109046
             [3500] valid_0's binary_logloss: 0.108739
             [3550] valid_0's binary_logloss: 0.108299
             [3600] valid_0's binary_logloss: 0.108031
             [3650] valid_0's binary_logloss: 0.107705
             [3700] valid_0's binary_logloss: 0.107399
             [3750] valid_0's binary_logloss: 0.107138
             [3800] valid_0's binary_logloss: 0.106821
             [3850] valid_0's binary_logloss: 0.106535
             [3900] valid_0's binary_logloss: 0.106166
             [3950] valid_0's binary_logloss: 0.105902
             [4000] valid_0's binary_logloss: 0.105649
             [4050] valid_0's binary_logloss: 0.105428
             [4100] valid_0's binary_logloss: 0.10521
             [4150] valid_0's binary_logloss: 0.104942
             [4200] valid_0's binary_logloss: 0.104687
             [4250] valid_0's binary_logloss: 0.104407
             [4300] valid_0's binary_logloss: 0.104162
             [4350] valid_0's binary_logloss: 0.103899
             [4400] valid_0's binary_logloss: 0.103692
             [4450] valid_0's binary_logloss: 0.103473
             [4500] valid_0's binary_logloss: 0.103277
             [4550] valid_0's binary_logloss: 0.103062
             [4600] valid_0's binary_logloss: 0.102886
             [4650] valid_0's binary_logloss: 0.102666
             [4700] valid_0's binary_logloss: 0.102478
             [4750] valid_0's binary_logloss: 0.102306
             [4800] valid_0's binary_logloss: 0.102028
             [4850] valid_0's binary_logloss: 0.101768
             [4900] valid_0's binary_logloss: 0.101607
             [4950] valid_0's binary_logloss: 0.101482
             [5000] valid_0's binary_logloss: 0.101283
             Did not meet early stopping. Best iteration is:
             [5000] valid_0's binary_logloss: 0.101283
             Time taken: 0.9195 seconds for evaluation on 3000 samples; on average: 0.0003
             Accuracy: 0.9527
             F1 Score: 0.9546
             Jaccard similarity coefficient : 0.9527
             Zero-One Loss : 0.0473
             Precision : 0.9354
             Recall : 0.9745
             Matthews Correlation Coefficient (MCC) : 0.906
             ====================================
             Estimation Only: (Regression)
             ====================================
              
              Reading training data...
              /home/alexanderliao/anaconda3/envs/py36/lib/python3.6/site-packages/sklearn/preprocessing/data.py:181: UserWarning: Numerical issues were encountered when scaling the data and might not be solved. The standard deviation of the data is probably very close to 0. 
                warnings.warn("Numerical issues were encountered "
                 
                 Sanity Check:
                  
                  [[-0.42875725  0.99645575  0.11966367 ... -0.21654137 -0.56686889
                    -0.0912075 ]
                     [ 0.28604671  0.92781318  0.47827801 ...  0.25903818  0.89686406
                        0.37858312]
                         [-0.00398466 -0.48949103  1.32039476 ...  0.5997626  -1.64976353
                           -1.46924162]
                            ...
                             [-0.83639389 -0.68370953  0.02472581 ...  0.5570548   1.13342807
                                1.28223012]
                                 [ 0.82380284 -1.50604607 -0.00343312 ... -1.52309675 -1.25194043
                                   -0.57444591]
                                    [ 1.53128313  1.11361788  1.30721094 ... -0.48283061  0.68900285
                                       0.28736967]]
                                        
                                        [[-0.2387469   0.26413362 -0.09188825 ... -0.74953    -1.
                                          -1.        ]
                                           [-0.0328979   0.00266851 -0.7088104  ...  0.30617    -1.
                                             -1.        ]
                                              [-0.1082389  -0.29811552  0.60216241 ...  0.85634    -1.
                                                -1.        ]
                                                 ...
                                                  [-0.43601533 -0.00240049 -0.52408919 ...  0.24519    -1.
                                                    -1.        ]
                                                     [ 0.27707911 -0.65780522  0.1572079  ... -0.41089    -1.
                                                       -1.        ]
                                                        [-0.82819022 -0.041878    0.41738732 ... -0.90035    -1.
                                                          -1.        ]]
                                                          Training data loaded.
                                                           
                                                           Reading test data...
                                                           Done!
                                                            
                                                            Dataset Shape: (X;Y)
                                                            (198000, 86)
                                                            (198000, 25)
                                                             
                                                             Seed: 7
                                                              
                                                              -------------------------------------
                                                              Neural Network: 
                                                               
                                                                
                                                                 
                                                                  
                                                                  Time taken: 0.4911 seconds for evaluation on 2000 samples; on average: 0.0002
                                                                  Mean Absolute Error: 0.0679
                                                                  Mean Squared Error: 0.0095
                                                                  Explained Variance Score: 0.882
                                                                  R2 Score: 0.8797
                                                                  -------------------------------------
                                                                  Linear Regression
                                                                  Time taken: 0.0011 seconds for evaluation on 2000 samples; on average: 0.0
                                                                  Mean Absolute Error: 0.4106
                                                                  Mean Squared Error: 0.2592
                                                                  Explained Variance Score: 0.0794
                                                                  R2 Score: 0.0785
                                                                  -------------------------------------
                                                                  Ridge Regression
                                                                  Time taken: 0.001 seconds for evaluation on 2000 samples; on average: 0.0
                                                                  Mean Absolute Error: 0.4106
                                                                  Mean Squared Error: 0.2592
                                                                  Explained Variance Score: 0.0796
                                                                  R2 Score: 0.0787
                                                                  -------------------------------------
                                                                  Vanilla Decision Tree
                                                                  Time taken: 0.002 seconds for evaluation on 2000 samples; on average: 0.0
                                                                  Mean Absolute Error: 0.5071
                                                                  Mean Squared Error: 0.4556
                                                                  Explained Variance Score: -0.5953
                                                                  R2 Score: -0.5962
                                                                  -------------------------------------
                                                                  Gaussian Process Regression (trained on 10k samples)
                                                                  Time taken: 1.6831 seconds for evaluation on 2000 samples; on average: 0.0008
                                                                  Mean Absolute Error: 0.4905
                                                                  Mean Squared Error: 0.3391
                                                                  Explained Variance Score: -0.0
                                                                  R2 Score: -0.0012
                                                                  -------------------------------------
                                                                  Nearest Neighbors Regression
                                                                  Time taken: 107.8112 seconds for evaluation on 2000 samples; on average: 0.0539
                                                                  Mean Absolute Error: 0.4303
                                                                  Mean Squared Error: 0.2997
                                                                  Explained Variance Score: -0.0617
                                                                  R2 Score: -0.0627

